<?xml version="1.0" encoding="UTF-8"?>
<!-- Generated by org.testng.reporters.JUnitReportReporter -->
<testsuite hostname="DESKTOP-ROFUC2D" failures="0" tests="3" name="curaHealthCare.tests.MakeAppointmentTest" time="180.928" errors="0" timestamp="2024-01-30T13:13:45 IST" skipped="0">
  <testcase classname="curaHealthCare.tests.MakeAppointmentTest" name="bookHistory" time="43.159"/>
  <testcase classname="curaHealthCare.tests.MakeAppointmentTest" name="bookHistory" time="113.292"/>
  <testcase classname="curaHealthCare.tests.MakeAppointmentTest" name="bookHistory" time="24.477"/>
</testsuite> <!-- curaHealthCare.tests.MakeAppointmentTest -->
