<?xml version="1.0" encoding="UTF-8"?>
<!-- Generated by org.testng.reporters.JUnitReportReporter -->
<testsuite hostname="DESKTOP-ROFUC2D" failures="0" tests="1" name="curaHealthCare.tests.ErrorValidationsTest" time="18.380" errors="0" timestamp="2024-01-30T13:55:46 IST" skipped="0">
  <testcase classname="curaHealthCare.tests.ErrorValidationsTest" name="verifyLoginErrorMessage" time="18.380"/>
</testsuite> <!-- curaHealthCare.tests.ErrorValidationsTest -->
