<?xml version="1.0" encoding="UTF-8"?>
<!-- Generated by org.testng.reporters.JUnitReportReporter -->
<testsuite hostname="DESKTOP-ROFUC2D" failures="0" tests="1" name="curaHealthCare.tests.LoginTest" time="27.221" errors="0" timestamp="2024-01-30T19:16:44 IST" skipped="0">
  <testcase classname="curaHealthCare.tests.LoginTest" name="loginWithNavbar" time="27.221"/>
</testsuite> <!-- curaHealthCare.tests.LoginTest -->
