<?xml version="1.0" encoding="UTF-8"?>
<!-- Generated by org.testng.reporters.JUnitReportReporter -->
<testsuite hostname="DESKTOP-ROFUC2D" failures="0" tests="1" name="curaHealthCare.tests.StandAlone" time="29.051" errors="0" timestamp="2024-01-29T12:00:56 IST" skipped="0">
  <testcase classname="curaHealthCare.tests.StandAlone" name="all" time="29.051"/>
</testsuite> <!-- curaHealthCare.tests.StandAlone -->
