<?xml version="1.0" encoding="UTF-8"?>
<!-- Generated by org.testng.reporters.JUnitReportReporter -->
<testsuite hostname="DESKTOP-ROFUC2D" failures="0" tests="15" name="curaHealthCare.tests.MakeAppointmentTest" time="298.158" errors="0" timestamp="2024-02-03T20:29:52 IST" skipped="0">
  <testcase classname="curaHealthCare.tests.MakeAppointmentTest" name="withoutHospitalReadmission" time="19.004"/>
  <testcase classname="curaHealthCare.tests.MakeAppointmentTest" name="withoutHospitalReadmission" time="32.905"/>
  <testcase classname="curaHealthCare.tests.MakeAppointmentTest" name="withDefaultHealthCareProgram" time="19.399"/>
  <testcase classname="curaHealthCare.tests.MakeAppointmentTest" name="withNoHealthCareProgram" time="19.079"/>
  <testcase classname="curaHealthCare.tests.MakeAppointmentTest" name="withMedicaidHealthCareProgram" time="18.698"/>
  <testcase classname="curaHealthCare.tests.MakeAppointmentTest" name="withNoHealthCareProgram" time="15.903"/>
  <testcase classname="curaHealthCare.tests.MakeAppointmentTest" name="bookHistory" time="20.571"/>
  <testcase classname="curaHealthCare.tests.MakeAppointmentTest" name="withDefaultHealthCareProgram" time="16.885"/>
  <testcase classname="curaHealthCare.tests.MakeAppointmentTest" name="bookHistory" time="20.972"/>
  <testcase classname="curaHealthCare.tests.MakeAppointmentTest" name="bookHistory" time="17.890"/>
  <testcase classname="curaHealthCare.tests.MakeAppointmentTest" name="withDefaultHealthCareProgram" time="20.509"/>
  <testcase classname="curaHealthCare.tests.MakeAppointmentTest" name="withMedicaidHealthCareProgram" time="22.650"/>
  <testcase classname="curaHealthCare.tests.MakeAppointmentTest" name="withMedicaidHealthCareProgram" time="18.705"/>
  <testcase classname="curaHealthCare.tests.MakeAppointmentTest" name="withoutHospitalReadmission" time="19.204"/>
  <testcase classname="curaHealthCare.tests.MakeAppointmentTest" name="withNoHealthCareProgram" time="15.784"/>
</testsuite> <!-- curaHealthCare.tests.MakeAppointmentTest -->
