<?xml version="1.0" encoding="UTF-8"?>
<!-- Generated by org.testng.reporters.JUnitReportReporter -->
<testsuite hostname="DESKTOP-ROFUC2D" failures="0" tests="2" name="curaHealthCare.tests.LoginTest" time="34.270" errors="0" timestamp="2024-02-03T20:29:52 IST" skipped="0">
  <testcase classname="curaHealthCare.tests.LoginTest" name="loginWithNavbar" time="16.750"/>
  <testcase classname="curaHealthCare.tests.LoginTest" name="loginWithMakeAppointLink" time="17.520"/>
</testsuite> <!-- curaHealthCare.tests.LoginTest -->
