<?xml version="1.0" encoding="UTF-8"?>
<!-- Generated by org.testng.reporters.JUnitReportReporter -->
<testsuite hostname="DESKTOP-ROFUC2D" failures="0" tests="2" name="curaHealthCare.tests.LoginTest" time="29.057" errors="0" timestamp="2024-01-31T11:33:38 IST" skipped="0">
  <testcase classname="curaHealthCare.tests.LoginTest" name="loginWithNavbar" time="13.072"/>
  <testcase classname="curaHealthCare.tests.LoginTest" name="loginWithMakeAppointLink" time="15.985"/>
</testsuite> <!-- curaHealthCare.tests.LoginTest -->
