<?xml version="1.0" encoding="UTF-8"?>
<!-- Generated by org.testng.reporters.JUnitReportReporter -->
<testsuite hostname="DESKTOP-ROFUC2D" failures="0" tests="1" name="curaHealthCare.tests.ErrorValidationsTest" time="16.884" errors="0" timestamp="2024-02-03T20:29:52 IST" skipped="0">
  <testcase classname="curaHealthCare.tests.ErrorValidationsTest" name="verifyLoginErrorMessage" time="16.884"/>
</testsuite> <!-- curaHealthCare.tests.ErrorValidationsTest -->
