<?xml version="1.0" encoding="UTF-8"?>
<!-- Generated by org.testng.reporters.JUnitReportReporter -->
<testsuite hostname="DESKTOP-ROFUC2D" failures="0" tests="15" name="curaHealthCare.tests.MakeAppointmentTest" time="260.992" errors="0" timestamp="2024-01-31T11:33:38 IST" skipped="0">
  <testcase classname="curaHealthCare.tests.MakeAppointmentTest" name="withNoHealthCareProgram" time="17.150"/>
  <testcase classname="curaHealthCare.tests.MakeAppointmentTest" name="bookHistory" time="18.529"/>
  <testcase classname="curaHealthCare.tests.MakeAppointmentTest" name="bookHistory" time="15.803"/>
  <testcase classname="curaHealthCare.tests.MakeAppointmentTest" name="withMedicaidHealthCareProgram" time="19.452"/>
  <testcase classname="curaHealthCare.tests.MakeAppointmentTest" name="withoutHospitalReadmission" time="19.237"/>
  <testcase classname="curaHealthCare.tests.MakeAppointmentTest" name="withoutHospitalReadmission" time="16.577"/>
  <testcase classname="curaHealthCare.tests.MakeAppointmentTest" name="withDefaultHealthCareProgram" time="17.679"/>
  <testcase classname="curaHealthCare.tests.MakeAppointmentTest" name="withMedicaidHealthCareProgram" time="15.822"/>
  <testcase classname="curaHealthCare.tests.MakeAppointmentTest" name="withDefaultHealthCareProgram" time="18.354"/>
  <testcase classname="curaHealthCare.tests.MakeAppointmentTest" name="withNoHealthCareProgram" time="15.680"/>
  <testcase classname="curaHealthCare.tests.MakeAppointmentTest" name="withoutHospitalReadmission" time="16.222"/>
  <testcase classname="curaHealthCare.tests.MakeAppointmentTest" name="withDefaultHealthCareProgram" time="18.985"/>
  <testcase classname="curaHealthCare.tests.MakeAppointmentTest" name="bookHistory" time="20.980"/>
  <testcase classname="curaHealthCare.tests.MakeAppointmentTest" name="withMedicaidHealthCareProgram" time="14.156"/>
  <testcase classname="curaHealthCare.tests.MakeAppointmentTest" name="withNoHealthCareProgram" time="16.366"/>
</testsuite> <!-- curaHealthCare.tests.MakeAppointmentTest -->
